<?xml version="1.0" encoding="UTF-8"?>
<!-- Generated by org.testng.reporters.JUnitXMLReporter -->
<testsuite ignored="0" hostname="Yog" failures="0" tests="4" name="Default test" time="0.057" errors="0" timestamp="2022-07-18T16:01:34 IST">
  <testcase classname="org.tyss.sms001.MavenTestNgBuildReady01" name="testAction1" time="0.009"/>
  <testcase classname="org.tyss.sms001.MavenTestNgBuildReady01" name="testAction2" time="0.002"/>
  <testcase classname="org.tyss.sms001.MavenTestNgBuildReady01" name="testAction3" time="0.001"/>
  <testcase classname="org.tyss.sms001.MavenTestNgBuildReady01" name="testAction4" time="0.001"/>
</testsuite> <!-- Default test -->
